#
# There is insufficient memory for the Java Runtime Environment to continue.
# Native memory allocation (malloc) failed to allocate 1119008 bytes for Chunk::new
# Possible reasons:
#   The system is out of physical RAM or swap space
#   The process is running with CompressedOops enabled, and the Java Heap may be blocking the growth of the native heap
# Possible solutions:
#   Reduce memory load on the system
#   Increase physical memory or swap space
#   Check if swap backing store is full
#   Decrease Java heap size (-Xmx/-Xms)
#   Decrease number of Java threads
#   Decrease Java thread stack sizes (-Xss)
#   Set larger code cache with -XX:ReservedCodeCacheSize=
#   JVM is running with Unscaled Compressed Oops mode in which the Java heap is
#     placed in the first 4GB address space. The Java Heap base address is the
#     maximum limit for the native heap growth. Please use -XX:HeapBaseMinAddress
#     to set the Java Heap base and to place the Java Heap above 4GB virtual address.
# This output file may be truncated or incomplete.
#
#  Out of Memory Error (allocation.cpp:389), pid=18092, tid=0x0000000000003784
#
# JRE version: OpenJDK Runtime Environment (8.0_242-b01) (build 1.8.0_242-release-1644-b01)
# Java VM: OpenJDK 64-Bit Server VM (25.242-b01 mixed mode windows-amd64 compressed oops)
# Failed to write core dump. Minidumps are not enabled by default on client versions of Windows
#

---------------  T H R E A D  ---------------

Current thread (0x0000000019b6e000):  JavaThread "C2 CompilerThread7" daemon [_thread_in_native, id=14212, stack(0x000000001beb0000,0x000000001bfb0000)]

Stack: [0x000000001beb0000,0x000000001bfb0000]
[error occurred during error reporting (printing stack bounds), id 0xc0000005]

Native frames: (J=compiled Java code, j=interpreted, Vv=VM code, C=native code)


Current CompileTask:
C2: 537078 22655       4       com.android.tools.r8.ir.optimize.l::v (844 bytes)


---------------  P R O C E S S  ---------------

Java Threads: ( => current thread )
  0x000000002208b800 JavaThread "ForkJoinPool.commonPool-worker-7" daemon [_thread_blocked, id=7068, stack(0x0000000034e90000,0x0000000034f90000)]
  0x0000000022090000 JavaThread "ForkJoinPool.commonPool-worker-14" daemon [_thread_blocked, id=17432, stack(0x0000000034d90000,0x0000000034e90000)]
  0x000000002babe800 JavaThread "ForkJoinPool.commonPool-worker-12" daemon [_thread_blocked, id=1752, stack(0x0000000034b90000,0x0000000034c90000)]
  0x000000002bac5800 JavaThread "ForkJoinPool.commonPool-worker-3" daemon [_thread_blocked, id=16120, stack(0x0000000034a90000,0x0000000034b90000)]
  0x000000002bac1000 JavaThread "ForkJoinPool.commonPool-worker-10" daemon [_thread_blocked, id=10116, stack(0x0000000034990000,0x0000000034a90000)]
  0x000000002bac2800 JavaThread "ForkJoinPool.commonPool-worker-1" daemon [_thread_blocked, id=16100, stack(0x0000000034890000,0x0000000034990000)]
  0x000000002bac4000 JavaThread "ForkJoinPool.commonPool-worker-8" daemon [_thread_blocked, id=16552, stack(0x0000000034790000,0x0000000034890000)]
  0x000000002bac0000 JavaThread "ForkJoinPool.commonPool-worker-15" daemon [_thread_blocked, id=5424, stack(0x0000000034690000,0x0000000034790000)]
  0x000000002bac3000 JavaThread "ForkJoinPool.commonPool-worker-6" daemon [_thread_blocked, id=14656, stack(0x0000000034590000,0x0000000034690000)]
  0x000000002bac1800 JavaThread "ForkJoinPool.commonPool-worker-13" daemon [_thread_blocked, id=6708, stack(0x0000000034490000,0x0000000034590000)]
  0x000000002bac4800 JavaThread "ForkJoinPool.commonPool-worker-4" daemon [_thread_blocked, id=8200, stack(0x0000000034390000,0x0000000034490000)]
  0x000000002babf800 JavaThread "ForkJoinPool.commonPool-worker-11" daemon [_thread_blocked, id=4780, stack(0x0000000034290000,0x0000000034390000)]
  0x000000002bab7000 JavaThread "ForkJoinPool.commonPool-worker-2" daemon [_thread_blocked, id=17704, stack(0x0000000034190000,0x0000000034290000)]
  0x000000002bab8000 JavaThread "ForkJoinPool.commonPool-worker-9" daemon [_thread_blocked, id=1340, stack(0x0000000034090000,0x0000000034190000)]
  0x000000002babb000 JavaThread "WorkerExecutor Queue Thread 24" [_thread_blocked, id=17428, stack(0x0000000033890000,0x0000000033990000)]
  0x000000002bab8800 JavaThread "WorkerExecutor Queue Thread 23" [_thread_blocked, id=14736, stack(0x0000000033790000,0x0000000033890000)]
  0x000000002babd000 JavaThread "WorkerExecutor Queue Thread 22" [_thread_blocked, id=3692, stack(0x0000000033690000,0x0000000033790000)]
  0x000000002babe000 JavaThread "WorkerExecutor Queue Thread 21" [_thread_blocked, id=17040, stack(0x0000000033590000,0x0000000033690000)]
  0x000000002bab6800 JavaThread "WorkerExecutor Queue Thread 20" [_thread_blocked, id=13304, stack(0x0000000033490000,0x0000000033590000)]
  0x0000000022468000 JavaThread "WorkerExecutor Queue Thread 19" [_thread_blocked, id=13472, stack(0x0000000033390000,0x0000000033490000)]
  0x0000000020ca4800 JavaThread "WorkerExecutor Queue Thread 18" [_thread_blocked, id=12552, stack(0x0000000033290000,0x0000000033390000)]
  0x0000000020ca4000 JavaThread "WorkerExecutor Queue Thread 17" [_thread_blocked, id=16692, stack(0x0000000033190000,0x0000000033290000)]
  0x0000000020ca3000 JavaThread "WorkerExecutor Queue Thread 16" [_thread_blocked, id=348, stack(0x0000000033090000,0x0000000033190000)]
  0x0000000020c98800 JavaThread "WorkerExecutor Queue Thread 15" [_thread_blocked, id=6324, stack(0x0000000032f90000,0x0000000033090000)]
  0x0000000020c96800 JavaThread "WorkerExecutor Queue Thread 14" [_thread_blocked, id=6912, stack(0x0000000032880000,0x0000000032980000)]
  0x0000000020c95800 JavaThread "WorkerExecutor Queue Thread 13" [_thread_blocked, id=2780, stack(0x0000000032250000,0x0000000032350000)]
  0x0000000020c9b800 JavaThread "WorkerExecutor Queue Thread 12" [_thread_blocked, id=9472, stack(0x0000000030fb0000,0x00000000310b0000)]
  0x000000002481b800 JavaThread "Cache worker for Java compile cache (D:\DZ\Course\.gradle\6.1.1\javaCompile)" [_thread_blocked, id=8160, stack(0x0000000030eb0000,0x0000000030fb0000)]
  0x000000002481f800 JavaThread "Cache worker for Java compile cache (C:\Users\Admin\.gradle\caches\6.1.1\javaCompile)" [_thread_blocked, id=7976, stack(0x00000000303b0000,0x00000000304b0000)]
  0x0000000024828800 JavaThread "WorkerExecutor Queue Thread 11" [_thread_blocked, id=14044, stack(0x0000000031c80000,0x0000000031d80000)]
  0x0000000024824000 JavaThread "WorkerExecutor Queue Thread 10" [_thread_blocked, id=14344, stack(0x00000000310b0000,0x00000000311b0000)]
  0x0000000024828000 JavaThread "stdout" [_thread_in_native, id=15472, stack(0x0000000032a90000,0x0000000032b90000)]
  0x0000000024826800 JavaThread "stderr" [_thread_in_native, id=11956, stack(0x0000000032990000,0x0000000032a90000)]
  0x000000002481e800 JavaThread "stdout" [_thread_in_native, id=17424, stack(0x0000000032780000,0x0000000032880000)]
  0x0000000024822800 JavaThread "stderr" [_thread_in_native, id=7080, stack(0x0000000032680000,0x0000000032780000)]
  0x0000000024825800 JavaThread "stdout" [_thread_in_native, id=8820, stack(0x0000000032580000,0x0000000032680000)]
  0x0000000024823800 JavaThread "stderr" [_thread_in_native, id=15316, stack(0x0000000032480000,0x0000000032580000)]
  0x000000002481b000 JavaThread "stdout" [_thread_in_native, id=16640, stack(0x0000000032380000,0x0000000032480000)]
  0x000000002481e000 JavaThread "stderr" [_thread_in_native, id=1408, stack(0x0000000031e30000,0x0000000031f30000)]
  0x0000000024821000 JavaThread "stdout" [_thread_in_native, id=7040, stack(0x0000000032150000,0x0000000032250000)]
  0x0000000024820800 JavaThread "stderr" [_thread_in_native, id=4656, stack(0x0000000032050000,0x0000000032150000)]
  0x000000002481d000 JavaThread "WorkerExecutor Queue Thread 9" [_thread_blocked, id=11568, stack(0x0000000031f50000,0x0000000032050000)]
  0x0000000024822000 JavaThread "MarlinRenderer Disposer" daemon [_thread_blocked, id=17136, stack(0x0000000031980000,0x0000000031a80000)]
  0x000000002481a000 JavaThread "Java2D Disposer" daemon [_thread_blocked, id=9820, stack(0x00000000317b0000,0x00000000318b0000)]
  0x0000000020ca0000 JavaThread "stdout" [_thread_in_native, id=17352, stack(0x0000000030bb0000,0x0000000030cb0000)]
  0x0000000020ca2800 JavaThread "stderr" [_thread_in_native, id=14820, stack(0x0000000030ab0000,0x0000000030bb0000)]
  0x0000000020ca1800 JavaThread "stdout" [_thread_in_native, id=11468, stack(0x00000000309b0000,0x0000000030ab0000)]
  0x0000000020c9f800 JavaThread "stderr" [_thread_in_native, id=18084, stack(0x00000000308b0000,0x00000000309b0000)]
  0x0000000020c9e800 JavaThread "stdout" [_thread_in_native, id=1380, stack(0x00000000307b0000,0x00000000308b0000)]
  0x0000000020c9c800 JavaThread "stderr" [_thread_in_native, id=9372, stack(0x00000000306b0000,0x00000000307b0000)]
  0x0000000020c98000 JavaThread "pool-4-thread-1" [_thread_blocked, id=6600, stack(0x00000000305b0000,0x00000000306b0000)]
  0x0000000020c9b000 JavaThread "Cache worker for execution history cache (D:\DZ\Course\.gradle\6.1.1\executionHistory)" [_thread_blocked, id=9044, stack(0x00000000300b0000,0x00000000301b0000)]
  0x0000000020c9a000 JavaThread "Execution worker for ':' Thread 15" [_thread_blocked, id=8800, stack(0x000000002ffb0000,0x00000000300b0000)]
  0x0000000022473000 JavaThread "Execution worker for ':' Thread 14" [_thread_blocked, id=12780, stack(0x000000002feb0000,0x000000002ffb0000)]
  0x0000000022471800 JavaThread "Execution worker for ':' Thread 13" [_thread_blocked, id=16208, stack(0x000000002fdb0000,0x000000002feb0000)]
  0x000000002246d000 JavaThread "Execution worker for ':' Thread 12" [_thread_blocked, id=17956, stack(0x000000002fcb0000,0x000000002fdb0000)]
  0x000000002246b800 JavaThread "Execution worker for ':' Thread 11" [_thread_in_Java, id=16404, stack(0x000000002fbb0000,0x000000002fcb0000)]
  0x0000000022471000 JavaThread "Execution worker for ':' Thread 10" [_thread_blocked, id=15536, stack(0x000000002fab0000,0x000000002fbb0000)]
  0x000000002246c800 JavaThread "Execution worker for ':' Thread 9" [_thread_in_Java, id=17336, stack(0x000000002f9b0000,0x000000002fab0000)]
  0x000000002246e800 JavaThread "Execution worker for ':' Thread 8" [_thread_blocked, id=8352, stack(0x000000002f8b0000,0x000000002f9b0000)]
  0x0000000022472800 JavaThread "Execution worker for ':' Thread 7" [_thread_blocked, id=2436, stack(0x000000002f7b0000,0x000000002f8b0000)]
  0x0000000022470000 JavaThread "Execution worker for ':' Thread 6" [_thread_in_Java, id=2848, stack(0x000000002f6b0000,0x000000002f7b0000)]
  0x000000002246f800 JavaThread "Execution worker for ':' Thread 5" [_thread_blocked, id=604, stack(0x000000002f5b0000,0x000000002f6b0000)]
  0x000000002246e000 JavaThread "Execution worker for ':' Thread 4" [_thread_blocked, id=992, stack(0x000000002f4b0000,0x000000002f5b0000)]
  0x0000000022464000 JavaThread "Execution worker for ':' Thread 3" [_thread_blocked, id=13932, stack(0x000000002e3a0000,0x000000002e4a0000)]
  0x0000000022469800 JavaThread "Execution worker for ':' Thread 2" [_thread_in_Java, id=12676, stack(0x000000002e2a0000,0x000000002e3a0000)]
  0x0000000022468800 JavaThread "Execution worker for ':'" [_thread_blocked, id=9628, stack(0x000000002e1a0000,0x000000002e2a0000)]
  0x0000000022467000 JavaThread "Cache worker for file content cache (D:\DZ\Course\.gradle\6.1.1\fileContent)" [_thread_blocked, id=12716, stack(0x000000002e0a0000,0x000000002e1a0000)]
  0x000000002246b000 JavaThread "Cache worker for file content cache (C:\Users\Admin\.gradle\caches\6.1.1\fileContent)" [_thread_blocked, id=9456, stack(0x000000002dfa0000,0x000000002e0a0000)]
  0x0000000022466800 JavaThread "Memory manager" [_thread_blocked, id=17188, stack(0x000000002dea0000,0x000000002dfa0000)]
  0x0000000022465000 JavaThread "Cache worker for Build Output Cleanup Cache (D:\DZ\Course\.gradle\buildOutputCleanup)" [_thread_blocked, id=2496, stack(0x000000002dda0000,0x000000002dea0000)]
  0x0000000022465800 JavaThread "Build operations Thread 16" [_thread_blocked, id=8308, stack(0x000000002d210000,0x000000002d310000)]
  0x000000002246a000 JavaThread "Build operations Thread 15" [_thread_blocked, id=1332, stack(0x000000002a3c0000,0x000000002a4c0000)]
  0x00000000218c1000 JavaThread "Build operations Thread 14" [_thread_blocked, id=1440, stack(0x00000000298c0000,0x00000000299c0000)]
  0x00000000218b7800 JavaThread "Build operations Thread 13" [_thread_blocked, id=8008, stack(0x00000000291c0000,0x00000000292c0000)]
  0x00000000218bd800 JavaThread "Build operations Thread 12" [_thread_blocked, id=7104, stack(0x00000000290c0000,0x00000000291c0000)]
  0x00000000218b6000 JavaThread "Build operations Thread 11" [_thread_blocked, id=5240, stack(0x0000000028fc0000,0x00000000290c0000)]
  0x00000000218bc800 JavaThread "Build operations Thread 10" [_thread_blocked, id=18128, stack(0x0000000028ec0000,0x0000000028fc0000)]
  0x00000000218b3000 JavaThread "Build operations Thread 9" [_thread_blocked, id=5296, stack(0x0000000028dc0000,0x0000000028ec0000)]
  0x00000000218b5000 JavaThread "Build operations Thread 8" [_thread_blocked, id=16496, stack(0x0000000028cc0000,0x0000000028dc0000)]
  0x00000000218b4800 JavaThread "Build operations Thread 7" [_thread_blocked, id=15276, stack(0x0000000028bc0000,0x0000000028cc0000)]
  0x00000000218b6800 JavaThread "Build operations Thread 6" [_thread_blocked, id=17752, stack(0x0000000028ac0000,0x0000000028bc0000)]
  0x00000000218b3800 JavaThread "Build operations Thread 5" [_thread_blocked, id=14292, stack(0x00000000289c0000,0x0000000028ac0000)]
  0x00000000218b2000 JavaThread "Build operations Thread 4" [_thread_blocked, id=6124, stack(0x00000000288c0000,0x00000000289c0000)]
  0x00000000218b9000 JavaThread "Build operations Thread 3" [_thread_blocked, id=15040, stack(0x00000000287c0000,0x00000000288c0000)]
  0x00000000218b8000 JavaThread "Build operations Thread 2" [_thread_blocked, id=11704, stack(0x00000000274e0000,0x00000000275e0000)]
  0x000000001ca42800 JavaThread "Build operations" [_thread_blocked, id=9984, stack(0x00000000273e0000,0x00000000274e0000)]
  0x000000001ca41000 JavaThread "Cache worker for cache directory md-rule (C:\Users\Admin\.gradle\caches\6.1.1\md-rule)" [_thread_blocked, id=5068, stack(0x00000000270e0000,0x00000000271e0000)]
  0x000000001ca40000 JavaThread "Cache worker for cache directory md-supplier (C:\Users\Admin\.gradle\caches\6.1.1\md-supplier)" [_thread_blocked, id=17692, stack(0x0000000022be0000,0x0000000022ce0000)]
  0x000000001ca3f800 JavaThread "Cache worker for file hash cache (D:\DZ\Course\.gradle\6.1.1\fileHashes)" [_thread_blocked, id=13004, stack(0x0000000022ae0000,0x0000000022be0000)]
  0x000000001ca3e800 JavaThread "Cache worker for checksums cache (D:\DZ\Course\.gradle\checksums)" [_thread_blocked, id=9632, stack(0x00000000229e0000,0x0000000022ae0000)]
  0x000000001ca41800 JavaThread "Thread-40" [_thread_blocked, id=10476, stack(0x00000000214b0000,0x00000000215b0000)]
  0x000000001ca35000 JavaThread "Stdin handler" [_thread_blocked, id=18304, stack(0x000000001fee0000,0x000000001ffe0000)]
  0x000000001ca34000 JavaThread "Asynchronous log dispatcher for DefaultDaemonConnection: socket connection from /127.0.0.1:52451 to /127.0.0.1:52500" [_thread_blocked, id=17608, stack(0x000000001fbe0000,0x000000001fce0000)]
  0x000000001ca39800 JavaThread "Daemon worker Thread 2" [_thread_in_native, id=13784, stack(0x000000001f6e0000,0x000000001f7e0000)]
  0x000000001ca36800 JavaThread "Cancel handler" [_thread_blocked, id=9252, stack(0x0000000000e80000,0x0000000000f80000)]
  0x000000001ca3b000 JavaThread "Handler for socket connection from /127.0.0.1:52451 to /127.0.0.1:52500" [_thread_in_native, id=9116, stack(0x0000000000d80000,0x0000000000e80000)]
  0x000000001ca38800 JavaThread "Daemon Thread 2" [_thread_blocked, id=15328, stack(0x0000000000c80000,0x0000000000d80000)]
  0x000000001ca37000 JavaThread "Cache worker for execution history cache (C:\Users\Admin\.gradle\caches\6.1.1\executionHistory)" [_thread_blocked, id=4948, stack(0x0000000023f00000,0x0000000024000000)]
  0x000000001ca38000 JavaThread "Cache worker for file hash cache (C:\Users\Admin\.gradle\caches\6.1.1\fileHashes)" [_thread_blocked, id=15768, stack(0x00000000203e0000,0x00000000204e0000)]
  0x000000001ca35800 JavaThread "File lock request listener" [_thread_in_native, id=11868, stack(0x00000000202e0000,0x00000000203e0000)]
  0x000000001c876000 JavaThread "Cache worker for journal cache (C:\Users\Admin\.gradle\caches\journal-1)" [_thread_blocked, id=2060, stack(0x00000000201e0000,0x00000000202e0000)]
  0x000000001e53f800 JavaThread "Daemon periodic checks" [_thread_blocked, id=14948, stack(0x000000001f5e0000,0x000000001f6e0000)]
  0x000000001e53d800 JavaThread "Incoming local TCP Connector on port 52451" [_thread_in_native, id=14440, stack(0x000000001f390000,0x000000001f490000)]
  0x000000001e4d2000 JavaThread "Daemon health stats" [_thread_blocked, id=7364, stack(0x000000001ed50000,0x000000001ee50000)]
  0x0000000019c30000 JavaThread "Service Thread" daemon [_thread_blocked, id=5812, stack(0x000000001c3b0000,0x000000001c4b0000)]
  0x0000000019b71000 JavaThread "C1 CompilerThread11" daemon [_thread_blocked, id=17380, stack(0x000000001c2b0000,0x000000001c3b0000)]
  0x0000000019b70800 JavaThread "C1 CompilerThread10" daemon [_thread_blocked, id=1512, stack(0x000000001c1b0000,0x000000001c2b0000)]
  0x0000000019b6f800 JavaThread "C1 CompilerThread9" daemon [_thread_blocked, id=6636, stack(0x000000001c0b0000,0x000000001c1b0000)]
  0x0000000019b6f000 JavaThread "C1 CompilerThread8" daemon [_thread_blocked, id=16652, stack(0x000000001bfb0000,0x000000001c0b0000)]
=>0x0000000019b6e000 JavaThread "C2 CompilerThread7" daemon [_thread_in_native, id=14212, stack(0x000000001beb0000,0x000000001bfb0000)]
  0x0000000019b6d800 JavaThread "C2 CompilerThread6" daemon [_thread_in_native, id=9224, stack(0x000000001bdb0000,0x000000001beb0000)]
  0x0000000019b6c800 JavaThread "C2 CompilerThread5" daemon [_thread_in_native, id=18320, stack(0x000000001bcb0000,0x000000001bdb0000)]
  0x0000000019b6a800 JavaThread "C2 CompilerThread4" daemon [_thread_in_native, id=17328, stack(0x000000001bbb0000,0x000000001bcb0000)]
  0x0000000019b6b000 JavaThread "C2 CompilerThread3" daemon [_thread_in_native, id=11416, stack(0x000000001bab0000,0x000000001bbb0000)]
  0x0000000019b6c000 JavaThread "C2 CompilerThread2" daemon [_thread_in_native, id=11248, stack(0x000000001b9b0000,0x000000001bab0000)]
  0x0000000019b68800 JavaThread "C2 CompilerThread1" daemon [_thread_in_native, id=17028, stack(0x000000001b8b0000,0x000000001b9b0000)]
  0x0000000019b63800 JavaThread "C2 CompilerThread0" daemon [_thread_in_native, id=8220, stack(0x000000001b7b0000,0x000000001b8b0000)]
  0x0000000019b63000 JavaThread "Attach Listener" daemon [_thread_blocked, id=9524, stack(0x000000001b6b0000,0x000000001b7b0000)]
  0x0000000019b5f000 JavaThread "Signal Dispatcher" daemon [_thread_blocked, id=10204, stack(0x000000001b5b0000,0x000000001b6b0000)]
  0x00000000180c5000 JavaThread "Finalizer" daemon [_thread_blocked, id=12592, stack(0x000000001b3a0000,0x000000001b4a0000)]
  0x0000000019b46000 JavaThread "Reference Handler" daemon [_thread_blocked, id=11892, stack(0x000000001b2a0000,0x000000001b3a0000)]
  0x0000000002a3d800 JavaThread "main" [_thread_blocked, id=16052, stack(0x0000000002880000,0x0000000002980000)]

Other Threads:
  0x0000000019b23800 VMThread [stack: 0x000000001b1a0000,0x000000001b2a0000] [id=17908]
  0x0000000019c33800 WatcherThread [stack: 0x000000001c4b0000,0x000000001c5b0000] [id=12872]

VM state:not at safepoint (normal execution)

VM Mutex/Monitor currently owned by a thread: None

heap address: 0x0000000080000000, size: 2048 MB, Compressed Oops mode: 32-bit
Narrow klass base: 0x0000000000000000, Narrow klass shift: 3
Compressed class space size: 1073741824 Address: 0x0000000100000000

Heap:
 PSYoungGen      total 465920K, used 165065K [0x00000000d5580000, 0x00000000fa700000, 0x0000000100000000)
  eden space 418816K, 31% used [0x00000000d5580000,0x00000000dd6d0448,0x00000000eee80000)
  from space 47104K, 69% used [0x00000000eee80000,0x00000000f0e62108,0x00000000f1c80000)
  to   space 48128K, 0% used [0x00000000f7800000,0x00000000f7800000,0x00000000fa700000)
 ParOldGen       total 389632K, used 61212K [0x0000000080000000, 0x0000000097c80000, 0x00000000d5580000)
  object space 389632K, 15% used [0x0000000080000000,0x0000000083bc70a0,0x0000000097c80000)
 Metaspace       used 111856K, capacity 118894K, committed 118936K, reserved 1153024K
  class space    used 14478K, capacity 15773K, committed 15792K, reserved 1048576K

Card table byte_map: [0x0000000011f10000,0x0000000012320000] byte_map_base: 0x0000000011b10000

Marking Bits: (ParMarkBitMap*) 0x000000006b2ef030
 Begin Bits: [0x00000000132d0000, 0x00000000152d0000)
 End Bits:   [0x00000000152d0000, 0x00000000172d0000)

Polling page: 0x0000000000aa0000

CodeCache: size=245760Kb used=65602Kb max_used=66524Kb free=180157Kb
 bounds [0x0000000002b50000, 0x0000000006cb0000, 0x0000000011b50000]
 total_blobs=19567 nmethods=18510 adapters=965
 compilation: enabled

Compilation events (10 events):
Event: 536.994 Thread 0x0000000019b70800 22824       2       com.android.tools.r8.ir.conversion.N::c (119 bytes)
Event: 536.995 Thread 0x0000000019b70800 nmethod 22824 0x0000000004396810 code [0x00000000043969e0, 0x0000000004396d48]
Event: 537.011 Thread 0x0000000019b71000 22826       2       com.android.tools.r8.u.b.S0::e (4 bytes)
Event: 537.011 Thread 0x0000000019b71000 nmethod 22826 0x0000000003e57510 code [0x0000000003e57660, 0x0000000003e57790]
Event: 537.047 Thread 0x0000000019b6f000 22828       2       com.android.tools.r8.v.a.a.a.h.i0::iterator (4 bytes)
Event: 537.048 Thread 0x0000000019b6f000 nmethod 22828 0x00000000046e5b10 code [0x00000000046e5c60, 0x00000000046e5db0]
Event: 537.048 Thread 0x0000000019b6f800 22829       2       com.android.tools.r8.r.n.T::a (91 bytes)
Event: 537.049 Thread 0x0000000019b70800 22830       2       com.android.tools.r8.u.a.j.a::<init> (15 bytes)
Event: 537.049 Thread 0x0000000019b70800 nmethod 22830 0x000000000530fd10 code [0x000000000530fe60, 0x000000000530ffd0]
Event: 537.049 Thread 0x0000000019b6f800 nmethod 22829 0x00000000051f0590 code [0x00000000051f07a0, 0x00000000051f0ef8]

GC Heap History (10 events):
Event: 533.687 GC heap before
{Heap before GC invocations=21 (full 4):
 PSYoungGen      total 354816K, used 337715K [0x00000000d5580000, 0x00000000ef280000, 0x0000000100000000)
  eden space 307712K, 100% used [0x00000000d5580000,0x00000000e8200000,0x00000000e8200000)
  from space 47104K, 63% used [0x00000000eb100000,0x00000000ece4cee8,0x00000000edf00000)
  to   space 48128K, 0% used [0x00000000e8200000,0x00000000e8200000,0x00000000eb100000)
 ParOldGen       total 389632K, used 61180K [0x0000000080000000, 0x0000000097c80000, 0x00000000d5580000)
  object space 389632K, 15% used [0x0000000080000000,0x0000000083bbf0a0,0x0000000097c80000)
 Metaspace       used 111502K, capacity 118442K, committed 118680K, reserved 1153024K
  class space    used 14460K, capacity 15755K, committed 15792K, reserved 1048576K
Event: 533.704 GC heap after
Heap after GC invocations=21 (full 4):
 PSYoungGen      total 355840K, used 25406K [0x00000000d5580000, 0x00000000f0b00000, 0x0000000100000000)
  eden space 307712K, 0% used [0x00000000d5580000,0x00000000d5580000,0x00000000e8200000)
  from space 48128K, 52% used [0x00000000e8200000,0x00000000e9acfb50,0x00000000eb100000)
  to   space 46592K, 0% used [0x00000000edd80000,0x00000000edd80000,0x00000000f0b00000)
 ParOldGen       total 389632K, used 61188K [0x0000000080000000, 0x0000000097c80000, 0x00000000d5580000)
  object space 389632K, 15% used [0x0000000080000000,0x0000000083bc10a0,0x0000000097c80000)
 Metaspace       used 111502K, capacity 118442K, committed 118680K, reserved 1153024K
  class space    used 14460K, capacity 15755K, committed 15792K, reserved 1048576K
}
Event: 534.509 GC heap before
{Heap before GC invocations=22 (full 4):
 PSYoungGen      total 355840K, used 333118K [0x00000000d5580000, 0x00000000f0b00000, 0x0000000100000000)
  eden space 307712K, 100% used [0x00000000d5580000,0x00000000e8200000,0x00000000e8200000)
  from space 48128K, 52% used [0x00000000e8200000,0x00000000e9acfb50,0x00000000eb100000)
  to   space 46592K, 0% used [0x00000000edd80000,0x00000000edd80000,0x00000000f0b00000)
 ParOldGen       total 389632K, used 61188K [0x0000000080000000, 0x0000000097c80000, 0x00000000d5580000)
  object space 389632K, 15% used [0x0000000080000000,0x0000000083bc10a0,0x0000000097c80000)
 Metaspace       used 111581K, capacity 118514K, committed 118680K, reserved 1153024K
  class space    used 14460K, capacity 15755K, committed 15792K, reserved 1048576K
Event: 534.530 GC heap after
Heap after GC invocations=22 (full 4):
 PSYoungGen      total 403456K, used 22218K [0x00000000d5580000, 0x00000000f0d80000, 0x0000000100000000)
  eden space 356864K, 0% used [0x00000000d5580000,0x00000000d5580000,0x00000000eb200000)
  from space 46592K, 47% used [0x00000000edd80000,0x00000000ef332a80,0x00000000f0b00000)
  to   space 44544K, 0% used [0x00000000eb200000,0x00000000eb200000,0x00000000edd80000)
 ParOldGen       total 389632K, used 61196K [0x0000000080000000, 0x0000000097c80000, 0x00000000d5580000)
  object space 389632K, 15% used [0x0000000080000000,0x0000000083bc30a0,0x0000000097c80000)
 Metaspace       used 111581K, capacity 118514K, committed 118680K, reserved 1153024K
  class space    used 14460K, capacity 15755K, committed 15792K, reserved 1048576K
}
Event: 535.405 GC heap before
{Heap before GC invocations=23 (full 4):
 PSYoungGen      total 403456K, used 379082K [0x00000000d5580000, 0x00000000f0d80000, 0x0000000100000000)
  eden space 356864K, 100% used [0x00000000d5580000,0x00000000eb200000,0x00000000eb200000)
  from space 46592K, 47% used [0x00000000edd80000,0x00000000ef332a80,0x00000000f0b00000)
  to   space 44544K, 0% used [0x00000000eb200000,0x00000000eb200000,0x00000000edd80000)
 ParOldGen       total 389632K, used 61196K [0x0000000080000000, 0x0000000097c80000, 0x00000000d5580000)
  object space 389632K, 15% used [0x0000000080000000,0x0000000083bc30a0,0x0000000097c80000)
 Metaspace       used 111723K, capacity 118730K, committed 118936K, reserved 1153024K
  class space    used 14470K, capacity 15767K, committed 15792K, reserved 1048576K
Event: 535.421 GC heap after
Heap after GC invocations=23 (full 4):
 PSYoungGen      total 401408K, used 30646K [0x00000000d5580000, 0x00000000f4900000, 0x0000000100000000)
  eden space 356864K, 0% used [0x00000000d5580000,0x00000000d5580000,0x00000000eb200000)
  from space 44544K, 68% used [0x00000000eb200000,0x00000000ecfed938,0x00000000edd80000)
  to   space 45568K, 0% used [0x00000000f1c80000,0x00000000f1c80000,0x00000000f4900000)
 ParOldGen       total 389632K, used 61204K [0x0000000080000000, 0x0000000097c80000, 0x00000000d5580000)
  object space 389632K, 15% used [0x0000000080000000,0x0000000083bc50a0,0x0000000097c80000)
 Metaspace       used 111723K, capacity 118730K, committed 118936K, reserved 1153024K
  class space    used 14470K, capacity 15767K, committed 15792K, reserved 1048576K
}
Event: 536.014 GC heap before
{Heap before GC invocations=24 (full 4):
 PSYoungGen      total 401408K, used 387510K [0x00000000d5580000, 0x00000000f4900000, 0x0000000100000000)
  eden space 356864K, 100% used [0x00000000d5580000,0x00000000eb200000,0x00000000eb200000)
  from space 44544K, 68% used [0x00000000eb200000,0x00000000ecfed938,0x00000000edd80000)
  to   space 45568K, 0% used [0x00000000f1c80000,0x00000000f1c80000,0x00000000f4900000)
 ParOldGen       total 389632K, used 61204K [0x0000000080000000, 0x0000000097c80000, 0x00000000d5580000)
  object space 389632K, 15% used [0x0000000080000000,0x0000000083bc50a0,0x0000000097c80000)
 Metaspace       used 111816K, capacity 118812K, committed 118936K, reserved 1153024K
  class space    used 14476K, capacity 15770K, committed 15792K, reserved 1048576K
Event: 536.041 GC heap after
Heap after GC invocations=24 (full 4):
 PSYoungGen      total 464384K, used 33312K [0x00000000d5580000, 0x00000000f5880000, 0x0000000100000000)
  eden space 418816K, 0% used [0x00000000d5580000,0x00000000d5580000,0x00000000eee80000)
  from space 45568K, 73% used [0x00000000f1c80000,0x00000000f3d08328,0x00000000f4900000)
  to   space 47104K, 0% used [0x00000000eee80000,0x00000000eee80000,0x00000000f1c80000)
 ParOldGen       total 389632K, used 61212K [0x0000000080000000, 0x0000000097c80000, 0x00000000d5580000)
  object space 389632K, 15% used [0x0000000080000000,0x0000000083bc70a0,0x0000000097c80000)
 Metaspace       used 111816K, capacity 118812K, committed 118936K, reserved 1153024K
  class space    used 14476K, capacity 15770K, committed 15792K, reserved 1048576K
}
Event: 536.815 GC heap before
{Heap before GC invocations=25 (full 4):
 PSYoungGen      total 464384K, used 452128K [0x00000000d5580000, 0x00000000f5880000, 0x0000000100000000)
  eden space 418816K, 100% used [0x00000000d5580000,0x00000000eee80000,0x00000000eee80000)
  from space 45568K, 73% used [0x00000000f1c80000,0x00000000f3d08328,0x00000000f4900000)
  to   space 47104K, 0% used [0x00000000eee80000,0x00000000eee80000,0x00000000f1c80000)
 ParOldGen       total 389632K, used 61212K [0x0000000080000000, 0x0000000097c80000, 0x00000000d5580000)
  object space 389632K, 15% used [0x0000000080000000,0x0000000083bc70a0,0x0000000097c80000)
 Metaspace       used 111846K, capacity 118882K, committed 118936K, reserved 1153024K
  class space    used 14477K, capacity 15771K, committed 15792K, reserved 1048576K
Event: 536.839 GC heap after
Heap after GC invocations=25 (full 4):
 PSYoungGen      total 465920K, used 32648K [0x00000000d5580000, 0x00000000fa700000, 0x0000000100000000)
  eden space 418816K, 0% used [0x00000000d5580000,0x00000000d5580000,0x00000000eee80000)
  from space 47104K, 69% used [0x00000000eee80000,0x00000000f0e62108,0x00000000f1c80000)
  to   space 48128K, 0% used [0x00000000f7800000,0x00000000f7800000,0x00000000fa700000)
 ParOldGen       total 389632K, used 61212K [0x0000000080000000, 0x0000000097c80000, 0x00000000d5580000)
  object space 389632K, 15% used [0x0000000080000000,0x0000000083bc70a0,0x0000000097c80000)
 Metaspace       used 111846K, capacity 118882K, committed 118936K, reserved 1153024K
  class space    used 14477K, capacity 15771K, committed 15792K, reserved 1048576K
}

Deoptimization events (10 events):
Event: 535.625 Thread 0x000000002246c800 Uncommon trap: reason=unstable_if action=reinterpret pc=0x000000000621eab0 method=com.android.tools.r8.B.a.a.f.a(II[C)Ljava/lang/String; @ 32
Event: 535.625 Thread 0x000000002246c800 Uncommon trap: reason=unstable_if action=reinterpret pc=0x00000000061b9b70 method=com.android.tools.r8.graph.e0.a(C)I @ 7
Event: 535.690 Thread 0x000000002246b800 Uncommon trap: reason=unstable_if action=reinterpret pc=0x0000000003494a84 method=java.util.HashMap.getNode(ILjava/lang/Object;)Ljava/util/HashMap$Node; @ 84
Event: 535.807 Thread 0x000000002246c800 Uncommon trap: reason=unstable_if action=reinterpret pc=0x0000000006704114 method=com.android.tools.r8.graph.e0.a([C)I @ 44
Event: 535.938 Thread 0x000000002246c800 Uncommon trap: reason=predicate action=maybe_recompile pc=0x0000000006956fb8 method=com.android.tools.r8.ir.conversion.o.a(Lcom/android/tools/r8/ir/conversion/N;IIZ)V @ 183
Event: 535.952 Thread 0x0000000020c96800 Uncommon trap: reason=unstable_if action=reinterpret pc=0x00000000061da570 method=sun.nio.fs.WindowsPath.getParent()Lsun/nio/fs/WindowsPath; @ 37
Event: 535.993 Thread 0x0000000020c96800 Uncommon trap: reason=unstable_if action=reinterpret pc=0x00000000061e29b0 method=sun.nio.fs.WindowsPath.getParent()Lsun/nio/fs/WindowsPath; @ 37
Event: 536.500 Thread 0x000000002246c800 Uncommon trap: reason=unstable_if action=reinterpret pc=0x0000000006c16d08 method=com.android.tools.r8.ir.conversion.o.a(ILcom/android/tools/r8/ir/conversion/N;)I @ 148
Event: 536.502 Thread 0x000000002246c800 Uncommon trap: reason=class_check action=maybe_recompile pc=0x0000000006c02520 method=com.android.tools.r8.ir.conversion.o.a(Lcom/android/tools/r8/ir/conversion/N;IZ)V @ 526
Event: 536.981 Thread 0x000000002246b800 Uncommon trap: reason=unstable_if action=reinterpret pc=0x0000000006c63728 method=com.android.tools.r8.ir.optimize.l.a(Lcom/android/tools/r8/graph/f;Lcom/android/tools/r8/u/b/W;)V @ 161

Classes redefined (0 events):
No events

Internal exceptions (10 events):
Event: 535.465 Thread 0x000000002246d000 Exception <a 'sun/nio/fs/WindowsException'> (0x00000000d5efefd8) thrown at [C:\src\AOSP-openjdk-git\hotspot\src\share\vm\prims\jni.cpp, line 710]
Event: 535.496 Thread 0x000000001ca39800 Exception <a 'sun/nio/fs/WindowsException'> (0x00000000d8dcf4f0) thrown at [C:\src\AOSP-openjdk-git\hotspot\src\share\vm\prims\jni.cpp, line 710]
Event: 535.530 Thread 0x0000000022471000 Exception <a 'sun/nio/fs/WindowsException'> (0x00000000da5ee7c0) thrown at [C:\src\AOSP-openjdk-git\hotspot\src\share\vm\prims\jni.cpp, line 710]
Event: 535.550 Thread 0x000000002246f800 Exception <a 'sun/nio/fs/WindowsException'> (0x00000000dae3de60) thrown at [C:\src\AOSP-openjdk-git\hotspot\src\share\vm\prims\jni.cpp, line 710]
Event: 535.563 Thread 0x0000000022472800 Exception <a 'sun/nio/fs/WindowsException'> (0x00000000db8a0690) thrown at [C:\src\AOSP-openjdk-git\hotspot\src\share\vm\prims\jni.cpp, line 710]
Event: 535.645 Thread 0x0000000022471800 Exception <a 'sun/nio/fs/WindowsException'> (0x00000000de0bc1a0) thrown at [C:\src\AOSP-openjdk-git\hotspot\src\share\vm\prims\jni.cpp, line 710]
Event: 535.881 Thread 0x0000000022468800 Exception <a 'sun/nio/fs/WindowsException'> (0x00000000e71673a0) thrown at [C:\src\AOSP-openjdk-git\hotspot\src\share\vm\prims\jni.cpp, line 710]
Event: 535.939 Thread 0x0000000022471000 Exception <a 'sun/nio/fs/WindowsException'> (0x00000000da6121a0) thrown at [C:\src\AOSP-openjdk-git\hotspot\src\share\vm\prims\jni.cpp, line 710]
Event: 535.939 Thread 0x0000000022471000 Exception <a 'sun/nio/fs/WindowsException'> (0x00000000da612a20) thrown at [C:\src\AOSP-openjdk-git\hotspot\src\share\vm\prims\jni.cpp, line 710]
Event: 535.940 Thread 0x0000000022471000 Exception <a 'sun/nio/fs/WindowsException'> (0x00000000da6143f0) thrown at [C:\src\AOSP-openjdk-git\hotspot\src\share\vm\prims\jni.cpp, line 710]

Events (10 events):
Event: 537.056 Thread 0x0000000022470000 DEOPT PACKING pc=0x0000000004c20ad2 sp=0x000000002f7a9ca0
Event: 537.056 Thread 0x0000000022470000 DEOPT UNPACKING pc=0x0000000002b975d0 sp=0x000000002f7a9a20 mode 0
Event: 537.057 Thread 0x0000000022470000 DEOPT PACKING pc=0x0000000004c20aad sp=0x000000002f7a9e60
Event: 537.057 Thread 0x0000000022470000 DEOPT UNPACKING pc=0x0000000002b975d0 sp=0x000000002f7a9be8 mode 0
Event: 537.059 loading class com/android/tools/r8/u/b/E0
Event: 537.059 loading class com/android/tools/r8/u/b/E0 done
Event: 537.059 loading class com/android/tools/r8/u/b/E0
Event: 537.059 loading class com/android/tools/r8/u/b/E0 done
Event: 537.061 Thread 0x0000000022469800 DEOPT PACKING pc=0x0000000005d463e3 sp=0x000000002e39a9e0
Event: 537.061 Thread 0x0000000022469800 DEOPT UNPACKING pc=0x0000000002b975d0 sp=0x000000002e39a750 mode 0


Dynamic libraries:
0x00007ff6e8650000 - 0x00007ff6e8681000 	D:\Software\ASDK\jre\bin\java.exe
0x00007ff9d3510000 - 0x00007ff9d3706000 	C:\WINDOWS\SYSTEM32\ntdll.dll
0x00007ff9d21b0000 - 0x00007ff9d226d000 	C:\WINDOWS\System32\KERNEL32.DLL
0x00007ff9d0ec0000 - 0x00007ff9d1189000 	C:\WINDOWS\System32\KERNELBASE.dll
0x00007ff9d24a0000 - 0x00007ff9d254c000 	C:\WINDOWS\System32\ADVAPI32.dll
0x00007ff9d1dc0000 - 0x00007ff9d1e5e000 	C:\WINDOWS\System32\msvcrt.dll
0x00007ff9d33a0000 - 0x00007ff9d343c000 	C:\WINDOWS\System32\sechost.dll
0x00007ff9d2fc0000 - 0x00007ff9d30eb000 	C:\WINDOWS\System32\RPCRT4.dll
0x00007ff9d1e60000 - 0x00007ff9d2000000 	C:\WINDOWS\System32\USER32.dll
0x00007ff9d1230000 - 0x00007ff9d1252000 	C:\WINDOWS\System32\win32u.dll
0x00007ff9d2f00000 - 0x00007ff9d2f2a000 	C:\WINDOWS\System32\GDI32.dll
0x00007ff9d0c50000 - 0x00007ff9d0d5b000 	C:\WINDOWS\System32\gdi32full.dll
0x00007ff9d1190000 - 0x00007ff9d122d000 	C:\WINDOWS\System32\msvcp_win.dll
0x00007ff9d1470000 - 0x00007ff9d1570000 	C:\WINDOWS\System32\ucrtbase.dll
0x00007ff9bdd90000 - 0x00007ff9be02b000 	C:\WINDOWS\WinSxS\amd64_microsoft.windows.common-controls_6595b64144ccf1df_6.0.19041.746_none_ca02b4b61b8320a4\COMCTL32.dll
0x00007ff9d2270000 - 0x00007ff9d22a0000 	C:\WINDOWS\System32\IMM32.DLL
0x000000006b670000 - 0x000000006b742000 	D:\Software\ASDK\jre\jre\bin\msvcr100.dll
0x000000006ab20000 - 0x000000006b36b000 	D:\Software\ASDK\jre\jre\bin\server\jvm.dll
0x00007ff9d3440000 - 0x00007ff9d3448000 	C:\WINDOWS\System32\PSAPI.DLL
0x00007ff9cae80000 - 0x00007ff9cae8a000 	C:\WINDOWS\SYSTEM32\VERSION.dll
0x00007ff9c82f0000 - 0x00007ff9c8317000 	C:\WINDOWS\SYSTEM32\WINMM.dll
0x00007ff9c80a0000 - 0x00007ff9c80a9000 	C:\WINDOWS\SYSTEM32\WSOCK32.dll
0x00007ff9d2430000 - 0x00007ff9d249b000 	C:\WINDOWS\System32\WS2_32.dll
0x00007ff9c8090000 - 0x00007ff9c809f000 	D:\Software\ASDK\jre\jre\bin\verify.dll
0x00007ff9c6b70000 - 0x00007ff9c6b99000 	D:\Software\ASDK\jre\jre\bin\java.dll
0x00007ff9c7d30000 - 0x00007ff9c7d46000 	D:\Software\ASDK\jre\jre\bin\zip.dll
0x00007ff9d2750000 - 0x00007ff9d2e92000 	C:\WINDOWS\System32\SHELL32.dll
0x00007ff9cedc0000 - 0x00007ff9cf550000 	C:\WINDOWS\SYSTEM32\windows.storage.dll
0x00007ff9d1570000 - 0x00007ff9d18c6000 	C:\WINDOWS\System32\combase.dll
0x00007ff9d05e0000 - 0x00007ff9d060c000 	C:\WINDOWS\SYSTEM32\Wldp.dll
0x00007ff9d32f0000 - 0x00007ff9d339e000 	C:\WINDOWS\System32\SHCORE.dll
0x00007ff9d2300000 - 0x00007ff9d2355000 	C:\WINDOWS\System32\shlwapi.dll
0x00007ff9d0b80000 - 0x00007ff9d0ba6000 	C:\WINDOWS\SYSTEM32\profapi.dll
0x00007ff9c6ca0000 - 0x00007ff9c6cba000 	D:\Software\ASDK\jre\jre\bin\net.dll
0x00007ff9d0360000 - 0x00007ff9d03ca000 	C:\WINDOWS\system32\mswsock.dll
0x00007ff9c6b20000 - 0x00007ff9c6b33000 	D:\Software\ASDK\jre\jre\bin\nio.dll
0x00007ff9ba150000 - 0x00007ff9ba176000 	C:\Users\Admin\.gradle\native\31\windows-amd64\native-platform.dll
0x00007ff9c7c90000 - 0x00007ff9c7c9d000 	D:\Software\ASDK\jre\jre\bin\management.dll
0x00007ff9d0530000 - 0x00007ff9d0548000 	C:\WINDOWS\SYSTEM32\CRYPTSP.dll
0x00007ff9cfd00000 - 0x00007ff9cfd34000 	C:\WINDOWS\system32\rsaenh.dll
0x00007ff9d0db0000 - 0x00007ff9d0dd7000 	C:\WINDOWS\System32\bcrypt.dll
0x00007ff9d0b40000 - 0x00007ff9d0b6e000 	C:\WINDOWS\SYSTEM32\USERENV.dll
0x00007ff9d0de0000 - 0x00007ff9d0e60000 	C:\WINDOWS\System32\bcryptprimitives.dll
0x00007ff9d0550000 - 0x00007ff9d055c000 	C:\WINDOWS\SYSTEM32\CRYPTBASE.dll
0x00007ff9d0050000 - 0x00007ff9d008b000 	C:\WINDOWS\SYSTEM32\IPHLPAPI.DLL
0x00007ff9d2370000 - 0x00007ff9d2378000 	C:\WINDOWS\System32\NSI.dll
0x00007ff9c3770000 - 0x00007ff9c3787000 	C:\WINDOWS\SYSTEM32\dhcpcsvc6.DLL
0x00007ff9c3750000 - 0x00007ff9c376d000 	C:\WINDOWS\SYSTEM32\dhcpcsvc.DLL
0x00007ff9d0090000 - 0x00007ff9d015b000 	C:\WINDOWS\SYSTEM32\DNSAPI.dll
0x00007ff9c3d80000 - 0x00007ff9c3da4000 	D:\Software\ASDK\jre\jre\bin\sunec.dll
0x00007ff9c1660000 - 0x00007ff9c166a000 	C:\Windows\System32\rasadhlp.dll
0x00007ff9c1430000 - 0x00007ff9c14af000 	C:\WINDOWS\System32\fwpuclnt.dll
0x00007ff9c7c50000 - 0x00007ff9c7c5b000 	D:\Software\ASDK\jre\jre\bin\sunmscapi.dll
0x00007ff9d1310000 - 0x00007ff9d1466000 	C:\WINDOWS\System32\CRYPT32.dll
0x00007ff9cfa50000 - 0x00007ff9cfa83000 	C:\WINDOWS\SYSTEM32\ntmarta.dll
0x00007ff9ce630000 - 0x00007ff9ce6c0000 	C:\WINDOWS\system32\apphelp.dll
0x00007ff9b2f70000 - 0x00007ff9b310c000 	D:\Software\ASDK\jre\jre\bin\awt.dll
0x00007ff9d3220000 - 0x00007ff9d32ed000 	C:\WINDOWS\System32\OLEAUT32.dll
0x00007ff9ceb20000 - 0x00007ff9ceb4f000 	C:\WINDOWS\SYSTEM32\dwmapi.dll
0x00007ff9cd3f0000 - 0x00007ff9cd9b0000 	C:\WINDOWS\SYSTEM32\d2d1.dll
0x00007ff9cea40000 - 0x00007ff9ceade000 	C:\WINDOWS\system32\uxtheme.dll

VM Arguments:
jvm_args: -Xmx2048m -Dfile.encoding=windows-1251 -Duser.country=RU -Duser.language=ru -Duser.variant 
java_command: org.gradle.launcher.daemon.bootstrap.GradleDaemon 6.1.1
java_class_path (initial): C:\Users\Admin\.gradle\wrapper\dists\gradle-6.1.1-all\cfmwm155h49vnt3hynmlrsdst\gradle-6.1.1\lib\gradle-launcher-6.1.1.jar
Launcher Type: SUN_STANDARD

Environment Variables:
PATH=C:\Program Files (x86)\Common Files\Oracle\Java\javapath;C:\ProgramData\Oracle\Java\javapath;C:\Windows\system32;C:\Windows;C:\Windows\System32\Wbem;C:\Windows\System32\WindowsPowerShell\v1.0\;C:\Windows\System32\OpenSSH\;C:\Program Files (x86)\NVIDIA Corporation\PhysX\Common;C:\WINDOWS\system32;C:\WINDOWS;C:\WINDOWS\System32\Wbem;C:\WINDOWS\System32\WindowsPowerShell\v1.0\;C:\WINDOWS\System32\OpenSSH\;C:\Program Files\NVIDIA Corporation\NVIDIA NvDLISR;D:\Software\Brackets\command;C:\Program Files (x86)\Microsoft SQL Server\150\DTS\Binn\;C:\Program Files\Microsoft SQL Server\150\DTS\Binn\;C:\Program Files\Microsoft SQL Server\Client SDK\ODBC\170\Tools\Binn\;C:\Program Files (x86)\Microsoft SQL Server\150\Tools\Binn\;C:\Program Files\Microsoft SQL Server\150\Tools\Binn\;D:\Software\Python 3.8.5\Scripts\;D:\Software\Python 3.8.5\;C:\Users\Admin\AppData\Local\Microsoft\WindowsApps;;D:\Software\Microsoft VS Code\bin
USERNAME=Admin
OS=Windows_NT
PROCESSOR_IDENTIFIER=Intel64 Family 6 Model 45 Stepping 7, GenuineIntel



---------------  S Y S T E M  ---------------

OS: Windows 10.0 , 64 bit Build 19041 (10.0.19041.804)

CPU:total 16 (initial active 16) (8 cores per cpu, 2 threads per core) family 6 model 45 stepping 7, cmov, cx8, fxsr, mmx, sse, sse2, sse3, ssse3, sse4.1, sse4.2, popcnt, avx, aes, clmul, ht, tsc, tscinvbit, tscinv

Memory: 4k page, physical 16695092k(3731744k free), swap 16695092k(5576k free)

vm_info: OpenJDK 64-Bit Server VM (25.242-b01) for windows-amd64 JRE (1.8.0_242-release-1644-b01), built by "builder" with MS VC++ 10.0 (VS2010)

time: Tue Mar 02 19:24:46 2021
timezone: Финляндия (зима)
elapsed time: 537 seconds (0d 0h 8m 57s)

